<?xml version="1.0" encoding="UTF-8"?>
<!-- Generated by org.testng.reporters.JUnitReportReporter -->
<testsuite hostname="DESKTOP-LLLGMOJ" name="sampletest.Screenshot" tests="1" failures="0" timestamp="5 May 2022 15:40:56 GMT" time="9.656" errors="0">
  <testcase name="testScreenShot2" time="9.656" classname="sampletest.Screenshot"/>
</testsuite> <!-- sampletest.Screenshot -->
