<?xml version="1.0" encoding="UTF-8"?>
<!-- Generated by org.testng.reporters.JUnitReportReporter -->
<testsuite hostname="DESKTOP-LLLGMOJ" name="ddt.ExcelReading" tests="1" failures="0" timestamp="5 May 2022 03:53:30 GMT" time="0.602" errors="0">
  <testcase name="getCellCount" time="0.602" classname="ddt.ExcelReading"/>
</testsuite> <!-- ddt.ExcelReading -->
