<?xml version="1.0" encoding="UTF-8"?>
<!-- Generated by org.testng.reporters.JUnitReportReporter -->
<testsuite skipped="0" hostname="DESKTOP-N39DGE8" name="TestNG.Example71" tests="1" failures="0" timestamp="2022-05-02T16:59:14 IST" time="27.245" errors="0">
  <testcase name="loginPageValidationInActitimeApplication" time="27.245" classname="TestNG.Example71"/>
  <system-out/>
</testsuite> <!-- TestNG.Example71 -->
