<?xml version="1.0" encoding="UTF-8"?>
<!-- Generated by org.testng.reporters.JUnitReportReporter -->
<testsuite skipped="0" hostname="DESKTOP-N39DGE8" name="TestNG.Example_Param1" tests="5" failures="0" timestamp="2022-05-02T16:45:24 IST" time="0.000" errors="0">
  <testcase name="param1" time="0.000" classname="TestNG.Example_Param1"/>
  <system-out/>
  <testcase name="param1" time="0.000" classname="TestNG.Example_Param1"/>
  <system-out/>
  <testcase name="param1" time="0.000" classname="TestNG.Example_Param1"/>
  <system-out/>
  <testcase name="param1" time="0.000" classname="TestNG.Example_Param1"/>
  <system-out/>
  <testcase name="param1" time="0.000" classname="TestNG.Example_Param1"/>
  <system-out/>
</testsuite> <!-- TestNG.Example_Param1 -->
